<?xml version="1.0" encoding="UTF-8"?>
<!-- Generated by org.testng.reporters.JUnitReportReporter -->
<testsuite hostname="DESKTOP-8T6KI5E" failures="0" tests="1" name="locator.MyfirstWebTest" time="11.410" errors="0" timestamp="2023-04-20T13:43:50 BDT" skipped="0">
  <testcase classname="locator.MyfirstWebTest" name="SignIn" time="11.410"/>
  <system-out/>
</testsuite> <!-- locator.MyfirstWebTest -->
