<?xml version="1.0" encoding="UTF-8"?>
<!-- Generated by org.testng.reporters.JUnitReportReporter -->
<testsuite hostname="DESKTOP-8T6KI5E" failures="0" tests="1" name="handelWebElement.JsInAutomation" time="17.003" errors="0" timestamp="2023-04-18T22:25:17 BDT" skipped="0">
  <testcase classname="handelWebElement.JsInAutomation" name="scrollUsingJs" time="17.003"/>
  <system-out/>
</testsuite> <!-- handelWebElement.JsInAutomation -->
