<?xml version="1.0" encoding="UTF-8"?>
<!-- Generated by org.testng.reporters.JUnitReportReporter -->
<testsuite hostname="DESKTOP-8T6KI5E" failures="0" tests="1" name="locator.SQA_Task" time="33.486" errors="0" timestamp="2023-04-20T15:44:11 BDT" skipped="0">
  <testcase classname="locator.SQA_Task" name="Security_Settings" time="33.486"/>
  <system-out/>
</testsuite> <!-- locator.SQA_Task -->
