<?xml version="1.0" encoding="UTF-8"?>
<!-- Generated by org.testng.reporters.JUnitReportReporter -->
<testsuite hostname="DESKTOP-8T6KI5E" failures="0" tests="1" name="handelWebElement.TC02get_Nevigate" time="12.698" errors="0" timestamp="2023-04-18T22:33:15 BDT" skipped="0">
  <testcase classname="handelWebElement.TC02get_Nevigate" name="nevigateToWebpage" time="12.698"/>
  <system-out/>
</testsuite> <!-- handelWebElement.TC02get_Nevigate -->
