<?xml version="1.0" encoding="UTF-8"?>
<!-- Generated by org.testng.reporters.JUnitReportReporter -->
<testsuite hostname="DESKTOP-8T6KI5E" failures="0" tests="1" name="locator.SQA_Task" time="21.026" errors="0" timestamp="2023-04-27T13:10:39 BDT" skipped="0">
  <testcase classname="locator.SQA_Task" name="login" time="21.026"/>
  <system-out/>
</testsuite> <!-- locator.SQA_Task -->
